2024/12/18 14:25:06.890  [I] [server.go:280]  http server Running on http://:8082
2024/12/18 14:25:08.579  [I] [server.go:280]  http server Running on http://:8082
2024/12/18 14:29:07.670  [I] [server.go:280]  http server Running on http://:8082
2024/12/18 14:29:09.456  [I] [server.go:280]  http server Running on http://:8082
2024/12/18 14:29:10.693  [D] [router.go:1306]  |            ::1|[42m 200 [0m|     1.8656ms|   match|[46m POST    [0m /api/routes/scan   r:/api/routes/scan
2024/12/18 14:29:12.426  [D] [router.go:1306]  |            ::1|[42m 200 [0m|        1.6ms|   match|[46m POST    [0m /api/routes/scan   r:/api/routes/scan
2024/12/18 14:34:42.681  [D] [router.go:1306]  |            ::1|[42m 200 [0m|     2.2314ms|   match|[46m POST    [0m /api/routes/scan   r:/api/routes/scan
2024/12/18 14:35:46.416  [I] [server.go:280]  http server Running on http://:8082
2024/12/18 14:35:49.305  [I] [server.go:280]  http server Running on http://:8082
2024/12/18 14:35:55.496  [I] [server.go:280]  http server Running on http://:8082
2024/12/18 14:35:57.644  [I] [server.go:280]  http server Running on http://:8082
2024/12/18 14:36:07.540  [C] [config.go:500]  the request url is  /api/routes/scan
2024/12/18 14:36:07.591  [C] [config.go:501]  Handler crashed with error reflect: call of reflect.Value.Interface on zero Value
2024/12/18 14:36:07.668  [C] [config.go:507]  C:/Program Files/Go/src/runtime/panic.go:785
2024/12/18 14:36:07.669  [C] [config.go:507]  C:/Program Files/Go/src/reflect/value.go:1486
2024/12/18 14:36:07.670  [C] [config.go:507]  C:/Program Files/Go/src/reflect/value.go:1481
2024/12/18 14:36:07.670  [C] [config.go:507]  C:/xampp/htdocs/go-train/beego/myproject/controllers/api_route.go:53
2024/12/18 14:36:07.671  [C] [config.go:507]  C:/Program Files/Go/src/reflect/value.go:581
2024/12/18 14:36:07.671  [C] [config.go:507]  C:/Program Files/Go/src/reflect/value.go:365
2024/12/18 14:36:07.672  [C] [config.go:507]  C:/Users/yuhan/go/pkg/mod/github.com/beego/beego/v2@v2.3.3/server/web/router.go:1234
2024/12/18 14:36:07.673  [C] [config.go:507]  C:/Users/yuhan/go/pkg/mod/github.com/beego/beego/v2@v2.3.3/server/web/filter.go:83
2024/12/18 14:36:07.674  [C] [config.go:507]  C:/Users/yuhan/go/pkg/mod/github.com/beego/beego/v2@v2.3.3/server/web/router.go:1003
2024/12/18 14:36:07.675  [C] [config.go:507]  C:/Program Files/Go/src/net/http/server.go:3210
2024/12/18 14:36:07.676  [C] [config.go:507]  C:/Program Files/Go/src/net/http/server.go:2092
2024/12/18 14:36:07.677  [C] [config.go:507]  C:/Program Files/Go/src/runtime/asm_amd64.s:1700
2024/12/18 14:37:50.817  [I] [server.go:280]  http server Running on http://:8082
2024/12/18 14:37:52.544  [I] [server.go:280]  http server Running on http://:8082
2024/12/18 14:37:56.220  [I] [server.go:280]  http server Running on http://:8082
2024/12/18 14:38:46.151  [D] [router.go:1306]  |            ::1|[42m 200 [0m|      4.546ms|   match|[46m POST    [0m /api/routes/scan   r:/api/routes/scan
2024/12/18 14:39:14.782  [I] [server.go:280]  http server Running on http://:8082
2024/12/18 15:34:12.904  [D] [router.go:1306]  |            ::1|[42m 200 [0m|     2.6174ms|   match|[46m POST    [0m /api/routes/scan   r:/api/routes/scan
2024/12/18 15:35:21.184  [I] [server.go:280]  http server Running on http://:8082
2024/12/18 15:35:23.989  [D] [router.go:1306]  |            ::1|[42m 200 [0m|     1.8503ms|   match|[46m POST    [0m /api/routes/scan   r:/api/routes/scan
2024/12/18 15:35:24.254  [I] [server.go:280]  http server Running on http://:8082
2024/12/18 15:35:28.401  [I] [server.go:280]  http server Running on http://:8082
2024/12/18 15:39:52.330  [I] [server.go:280]  http server Running on http://:8082
2024/12/18 15:40:40.513  [I] [server.go:280]  http server Running on http://:8082
2024/12/18 15:40:42.132  [I] [server.go:280]  http server Running on http://:8082
2024/12/18 15:44:46.940  [I] [server.go:280]  http server Running on http://:8082
2024/12/18 15:44:48.432  [I] [server.go:280]  http server Running on http://:8082
2024/12/18 15:44:51.942  [I] [server.go:280]  http server Running on http://:8082
2024/12/18 15:44:53.712  [D] [router.go:1306]  |            ::1|[42m 200 [0m|    57.7119ms|   match|[46m POST    [0m /api/routes/scan   r:/api/routes/scan
2024/12/18 15:44:56.524  [I] [server.go:280]  http server Running on http://:8082
2024/12/18 15:45:45.776  [I] [server.go:280]  http server Running on http://:8082
2024/12/18 15:45:47.668  [I] [server.go:280]  http server Running on http://:8082
2024/12/18 15:45:48.866  [D] [router.go:1306]  |            ::1|[42m 200 [0m|   191.8672ms|   match|[46m POST    [0m /api/routes/scan   r:/api/routes/scan
2024/12/18 15:45:51.977  [I] [server.go:280]  http server Running on http://:8082
2024/12/18 15:46:15.214  [I] [main.go:25]  Shutting down server...
2024/12/19 08:24:06.871  [I] [server.go:280]  http server Running on http://:8082
2024/12/19 08:24:10.404  [D] [router.go:1306]  |            ::1|[42m 200 [0m|    87.6494ms|   match|[46m POST    [0m /api/routes/scan   r:/api/routes/scan
2024/12/19 08:25:01.034  [I] [server.go:280]  http server Running on http://:8082
2024/12/19 08:25:14.056  [D] [router.go:1306]  |            ::1|[43m 401 [0m|           0s| nomatch|[44m GET     [0m /api/routes/list
2024/12/19 08:25:17.934  [D] [router.go:1306]  |            ::1|[42m 200 [0m|   656.7247ms|   match|[46m POST    [0m /auth/login   r:/auth/login
2024/12/19 08:25:33.080  [D] [router.go:1306]  |            ::1|[42m 200 [0m|     5.7694ms|   match|[44m GET     [0m /api/routes/list   r:/api/routes/list
2024/12/19 08:26:49.934  [I] [server.go:280]  http server Running on http://:8082
2024/12/19 08:26:53.478  [I] [server.go:280]  http server Running on http://:8082
2024/12/19 08:26:59.595  [D] [router.go:1306]  |            ::1|[43m 401 [0m|        728µs| nomatch|[46m POST    [0m /api/routes/scan
2024/12/19 08:27:10.510  [D] [router.go:1306]  |            ::1|[42m 200 [0m|     7.1085ms|   match|[46m POST    [0m /api/routes/scan   r:/api/routes/scan
2024/12/19 08:29:17.832  [I] [server.go:280]  http server Running on http://:8082
2024/12/19 08:29:19.452  [I] [server.go:280]  http server Running on http://:8082
2024/12/19 08:29:22.390  [I] [server.go:280]  http server Running on http://:8082
2024/12/19 08:29:24.672  [I] [api_route_service.go:50]  Added new route: POST /api/routes/scan
2024/12/19 08:29:24.676  [I] [api_route_service.go:50]  Added new route: GET /api/routes/list
2024/12/19 08:29:24.703  [I] [api_route_service.go:50]  Added new route: GET /api/status/:id
2024/12/19 08:29:24.707  [I] [api_route_service.go:50]  Added new route: GET /api/statuses
2024/12/19 08:29:24.710  [I] [api_route_service.go:50]  Added new route: GET /api/condition/:id
2024/12/19 08:29:24.715  [I] [api_route_service.go:50]  Added new route: GET /api/conditions
2024/12/19 08:29:24.721  [I] [api_route_service.go:50]  Added new route: GET /api/checking
2024/12/19 08:29:24.723  [D] [router.go:1306]  |            ::1|[42m 200 [0m|    58.6498ms|   match|[46m POST    [0m /api/routes/scan   r:/api/routes/scan
2024/12/19 08:33:09.707  [D] [router.go:1306]  |            ::1|[42m 200 [0m|     4.4189ms|   match|[44m GET     [0m /api/routes/list   r:/api/routes/list
2024/12/19 08:33:13.381  [I] [api_route_service.go:50]  Added new route: POST /auth/login
2024/12/19 08:33:13.386  [I] [api_route_service.go:50]  Added new route: POST /api/routes/scan
2024/12/19 08:33:13.390  [I] [api_route_service.go:50]  Added new route: GET /api/routes/list
2024/12/19 08:33:13.394  [I] [api_route_service.go:50]  Added new route: POST /user
2024/12/19 08:33:13.400  [I] [api_route_service.go:50]  Added new route: POST /auth/logout
2024/12/19 08:33:13.404  [I] [api_route_service.go:50]  Added new route: GET /user/:id
2024/12/19 08:33:13.407  [I] [api_route_service.go:50]  Added new route: PUT /user/:id
2024/12/19 08:33:13.417  [I] [api_route_service.go:50]  Added new route: DELETE /user/:id
2024/12/19 08:33:13.423  [I] [api_route_service.go:50]  Added new route: GET /users
2024/12/19 08:33:13.427  [I] [api_route_service.go:50]  Added new route: GET /user/:id/visits
2024/12/19 08:33:13.434  [I] [api_route_service.go:50]  Added new route: POST /api/item-units
2024/12/19 08:33:13.439  [I] [api_route_service.go:50]  Added new route: GET /api/item-units/:id
2024/12/19 08:33:13.442  [I] [api_route_service.go:50]  Added new route: GET /api/item-units
2024/12/19 08:33:13.448  [I] [api_route_service.go:50]  Added new route: PUT /api/item-units/:id
2024/12/19 08:33:13.453  [I] [api_route_service.go:50]  Added new route: DELETE /api/item-units/:id
2024/12/19 08:33:13.456  [I] [api_route_service.go:50]  Added new route: GET /api/item-units/serial/:serialNumber
2024/12/19 08:33:13.465  [I] [api_route_service.go:50]  Added new route: GET /api/item-units/warehouse/:warehouseId
2024/12/19 08:33:13.470  [I] [api_route_service.go:50]  Added new route: POST /api/item
2024/12/19 08:33:13.476  [I] [api_route_service.go:50]  Added new route: GET /api/items
2024/12/19 08:33:13.483  [I] [api_route_service.go:50]  Added new route: GET /api/items/dashboard
2024/12/19 08:33:13.487  [I] [api_route_service.go:50]  Added new route: GET /api/item/:id/image
2024/12/19 08:33:13.492  [I] [api_route_service.go:50]  Added new route: GET /api/categories
2024/12/19 08:33:13.499  [I] [api_route_service.go:50]  Added new route: GET /api/categories/:id
2024/12/19 08:33:13.501  [I] [api_route_service.go:50]  Added new route: POST /api/categories
2024/12/19 08:33:13.505  [I] [api_route_service.go:50]  Added new route: PUT /api/categories/:id
2024/12/19 08:33:13.513  [I] [api_route_service.go:50]  Added new route: DELETE /api/categories/:id
2024/12/19 08:33:13.518  [I] [api_route_service.go:50]  Added new route: POST /api/employees
2024/12/19 08:33:13.522  [I] [api_route_service.go:50]  Added new route: GET /api/employees/:id
2024/12/19 08:33:13.530  [I] [api_route_service.go:50]  Added new route: GET /api/employees
2024/12/19 08:33:13.535  [I] [api_route_service.go:50]  Added new route: PUT /api/employees/:id
2024/12/19 08:33:13.538  [I] [api_route_service.go:50]  Added new route: DELETE /api/employees/:id
2024/12/19 08:33:13.544  [I] [api_route_service.go:50]  Added new route: POST /api/lendings
2024/12/19 08:33:13.551  [I] [api_route_service.go:50]  Added new route: GET /api/lendings/:id
2024/12/19 08:33:13.554  [I] [api_route_service.go:50]  Added new route: GET /api/lendings
2024/12/19 08:33:13.561  [I] [api_route_service.go:50]  Added new route: PUT /api/lendings/:id
2024/12/19 08:33:13.565  [I] [api_route_service.go:50]  Added new route: DELETE /api/lendings/:id
2024/12/19 08:33:13.570  [I] [api_route_service.go:50]  Added new route: GET /api/lendings/report/items
2024/12/19 08:33:13.575  [I] [api_route_service.go:50]  Added new route: GET /api/lendings/report/units
2024/12/19 08:33:13.580  [I] [api_route_service.go:50]  Added new route: PUT /api/lendings/return/:id
2024/12/19 08:33:13.583  [I] [api_route_service.go:50]  Added new route: GET /api/lending/:id/loan-image
2024/12/19 08:33:13.587  [I] [api_route_service.go:50]  Added new route: GET /api/lending/:id/return-image
2024/12/19 08:33:13.596  [I] [api_route_service.go:50]  Added new route: GET /api/lendings/active
2024/12/19 08:33:13.600  [I] [api_route_service.go:50]  Added new route: GET /api/lendings/returned
2024/12/19 08:33:13.604  [I] [api_route_service.go:50]  Added new route: GET /api/unit-logs/unit/:unitId
2024/12/19 08:33:13.613  [I] [api_route_service.go:50]  Added new route: GET /api/repair-logs/unit/:unitId
2024/12/19 08:33:13.617  [I] [api_route_service.go:50]  Added new route: POST /api/repair-logs/finish
2024/12/19 08:33:13.621  [I] [api_route_service.go:50]  Added new route: GET /api/docs/template/download
2024/12/19 08:33:13.627  [I] [api_route_service.go:50]  Added new route: POST /api/docs/upload
2024/12/19 08:33:13.635  [I] [api_route_service.go:50]  Added new route: POST /api/warehouse
2024/12/19 08:33:13.640  [I] [api_route_service.go:50]  Added new route: GET /api/warehouse/:id
2024/12/19 08:33:13.644  [I] [api_route_service.go:50]  Added new route: PUT /api/warehouse/:id
2024/12/19 08:33:13.649  [I] [api_route_service.go:50]  Added new route: DELETE /api/warehouse/:id
2024/12/19 08:33:13.653  [I] [api_route_service.go:50]  Added new route: GET /api/warehouses
2024/12/19 08:33:13.658  [I] [api_route_service.go:50]  Added new route: GET /api/warehouse/:id/users
2024/12/19 08:33:13.662  [I] [api_route_service.go:50]  Added new route: GET /api/status/:id
2024/12/19 08:33:13.667  [I] [api_route_service.go:50]  Added new route: GET /api/statuses
2024/12/19 08:33:13.670  [I] [api_route_service.go:50]  Added new route: GET /api/condition/:id
2024/12/19 08:33:13.673  [I] [api_route_service.go:50]  Added new route: GET /api/conditions
2024/12/19 08:33:13.677  [I] [api_route_service.go:50]  Added new route: GET /api/checking
2024/12/19 08:33:13.679  [D] [router.go:1306]  |            ::1|[42m 200 [0m|   302.9772ms|   match|[46m POST    [0m /api/routes/scan   r:/api/routes/scan
2024/12/19 08:36:37.839  [I] [server.go:280]  http server Running on http://:8082
2024/12/19 08:36:39.504  [I] [server.go:280]  http server Running on http://:8082
2024/12/19 08:36:42.315  [I] [server.go:280]  http server Running on http://:8082
2024/12/19 08:37:44.545  [I] [server.go:280]  http server Running on http://:8082
2024/12/19 08:37:46.814  [I] [server.go:280]  http server Running on http://:8082
2024/12/19 08:37:58.422  [I] [server.go:280]  http server Running on http://:8082
2024/12/19 08:38:00.953  [I] [server.go:280]  http server Running on http://:8082
2024/12/19 08:38:05.163  [I] [server.go:280]  http server Running on http://:8082
2024/12/19 08:38:08.225  [I] [server.go:280]  http server Running on http://:8082
2024/12/19 08:38:12.712  [I] [server.go:280]  http server Running on http://:8082
2024/12/19 08:38:15.212  [I] [server.go:280]  http server Running on http://:8082
2024/12/19 08:38:21.185  [D] [router.go:1306]  |            ::1|[42m 200 [0m|     3.6665ms|   match|[44m GET     [0m /api/categories   r:/api/categories
2024/12/19 08:39:05.189  [I] [server.go:280]  http server Running on http://:8082
2024/12/19 08:39:16.381  [I] [server.go:280]  http server Running on http://:8082
2024/12/19 08:39:18.909  [I] [server.go:280]  http server Running on http://:8082
2024/12/19 08:39:22.656  [I] [server.go:280]  http server Running on http://:8082
2024/12/19 08:39:28.649  [D] [router.go:1306]  |            ::1|[42m 200 [0m|     4.0272ms|   match|[44m GET     [0m /api/employees   r:/api/employees
2024/12/19 08:39:57.514  [I] [server.go:280]  http server Running on http://:8082
2024/12/19 08:39:59.119  [I] [server.go:280]  http server Running on http://:8082
2024/12/19 08:40:26.704  [I] [api_route_service.go:50]  Added new route: POST /auth/login
2024/12/19 08:40:26.708  [I] [api_route_service.go:50]  Added new route: POST /api/routes/scan
2024/12/19 08:40:26.714  [I] [api_route_service.go:50]  Added new route: GET /api/routes/list
2024/12/19 08:40:26.718  [I] [api_route_service.go:50]  Added new route: POST /user
2024/12/19 08:40:26.722  [I] [api_route_service.go:50]  Added new route: POST /auth/logout
2024/12/19 08:40:26.726  [I] [api_route_service.go:50]  Added new route: GET /user/:id
2024/12/19 08:40:26.731  [I] [api_route_service.go:50]  Added new route: PUT /user/:id
2024/12/19 08:40:26.735  [I] [api_route_service.go:50]  Added new route: DELETE /user/:id
2024/12/19 08:40:26.741  [I] [api_route_service.go:50]  Added new route: GET /users
2024/12/19 08:40:26.745  [I] [api_route_service.go:50]  Added new route: GET /user/:id/visits
2024/12/19 08:40:26.750  [I] [api_route_service.go:50]  Added new route: POST /api/item-units
2024/12/19 08:40:26.753  [I] [api_route_service.go:50]  Added new route: GET /api/item-units/:id
2024/12/19 08:40:26.760  [I] [api_route_service.go:50]  Added new route: GET /api/item-units
2024/12/19 08:40:26.765  [I] [api_route_service.go:50]  Added new route: PUT /api/item-units/:id
2024/12/19 08:40:26.770  [I] [api_route_service.go:50]  Added new route: DELETE /api/item-units/:id
2024/12/19 08:40:26.778  [I] [api_route_service.go:50]  Added new route: GET /api/item-units/serial/:serialNumber
2024/12/19 08:40:26.784  [I] [api_route_service.go:50]  Added new route: GET /api/item-units/warehouse/:warehouseId
2024/12/19 08:40:26.789  [I] [api_route_service.go:50]  Added new route: POST /api/item
2024/12/19 08:40:26.792  [I] [api_route_service.go:50]  Added new route: GET /api/items
2024/12/19 08:40:26.798  [I] [api_route_service.go:50]  Added new route: GET /api/items/dashboard
2024/12/19 08:40:26.804  [I] [api_route_service.go:50]  Added new route: GET /api/item/:id/image
2024/12/19 08:40:26.809  [I] [api_route_service.go:50]  Added new route: GET /api/categories
2024/12/19 08:40:26.813  [I] [api_route_service.go:50]  Added new route: GET /api/categories/:id
2024/12/19 08:40:26.817  [I] [api_route_service.go:50]  Added new route: POST /api/categories
2024/12/19 08:40:26.821  [I] [api_route_service.go:50]  Added new route: PUT /api/categories/:id
2024/12/19 08:40:26.826  [I] [api_route_service.go:50]  Added new route: DELETE /api/categories/:id
2024/12/19 08:40:26.830  [I] [api_route_service.go:50]  Added new route: POST /api/employees
2024/12/19 08:40:26.838  [I] [api_route_service.go:50]  Added new route: GET /api/employees/:id
2024/12/19 08:40:26.843  [I] [api_route_service.go:50]  Added new route: GET /api/employees
2024/12/19 08:40:26.848  [I] [api_route_service.go:50]  Added new route: PUT /api/employees/:id
2024/12/19 08:40:26.854  [I] [api_route_service.go:50]  Added new route: DELETE /api/employees/:id
2024/12/19 08:40:26.858  [I] [api_route_service.go:50]  Added new route: POST /api/lendings
2024/12/19 08:40:26.862  [I] [api_route_service.go:50]  Added new route: GET /api/lendings/:id
2024/12/19 08:40:26.874  [I] [api_route_service.go:50]  Added new route: GET /api/lendings
2024/12/19 08:40:26.880  [I] [api_route_service.go:50]  Added new route: PUT /api/lendings/:id
2024/12/19 08:40:26.884  [I] [api_route_service.go:50]  Added new route: DELETE /api/lendings/:id
2024/12/19 08:40:26.890  [I] [api_route_service.go:50]  Added new route: GET /api/lendings/report/items
2024/12/19 08:40:26.893  [I] [api_route_service.go:50]  Added new route: GET /api/lendings/report/units
2024/12/19 08:40:26.898  [I] [api_route_service.go:50]  Added new route: PUT /api/lendings/return/:id
2024/12/19 08:40:26.902  [I] [api_route_service.go:50]  Added new route: GET /api/lending/:id/loan-image
2024/12/19 08:40:26.906  [I] [api_route_service.go:50]  Added new route: GET /api/lending/:id/return-image
2024/12/19 08:40:26.909  [I] [api_route_service.go:50]  Added new route: GET /api/lendings/active
2024/12/19 08:40:26.917  [I] [api_route_service.go:50]  Added new route: GET /api/lendings/returned
2024/12/19 08:40:26.921  [I] [api_route_service.go:50]  Added new route: GET /api/unit-logs/unit/:unitId
2024/12/19 08:40:26.929  [I] [api_route_service.go:50]  Added new route: GET /api/repair-logs/unit/:unitId
2024/12/19 08:40:26.933  [I] [api_route_service.go:50]  Added new route: POST /api/repair-logs/finish
2024/12/19 08:40:26.940  [I] [api_route_service.go:50]  Added new route: GET /api/docs/template/download
2024/12/19 08:40:26.954  [I] [api_route_service.go:50]  Added new route: POST /api/docs/upload
2024/12/19 08:40:26.957  [I] [api_route_service.go:50]  Added new route: POST /api/warehouse
2024/12/19 08:40:26.962  [I] [api_route_service.go:50]  Added new route: GET /api/warehouse/:id
2024/12/19 08:40:26.966  [I] [api_route_service.go:50]  Added new route: PUT /api/warehouse/:id
2024/12/19 08:40:26.969  [I] [api_route_service.go:50]  Added new route: DELETE /api/warehouse/:id
2024/12/19 08:40:26.973  [I] [api_route_service.go:50]  Added new route: GET /api/warehouses
2024/12/19 08:40:26.976  [I] [api_route_service.go:50]  Added new route: GET /api/warehouse/:id/users
2024/12/19 08:40:26.981  [I] [api_route_service.go:50]  Added new route: GET /api/status/:id
2024/12/19 08:40:26.985  [I] [api_route_service.go:50]  Added new route: GET /api/statuses
2024/12/19 08:40:26.988  [I] [api_route_service.go:50]  Added new route: GET /api/condition/:id
2024/12/19 08:40:26.991  [I] [api_route_service.go:50]  Added new route: GET /api/conditions
2024/12/19 08:40:26.994  [I] [api_route_service.go:50]  Added new route: GET /api/checking
2024/12/19 08:40:26.996  [D] [router.go:1306]  |            ::1|[42m 200 [0m|   299.9194ms|   match|[46m POST    [0m /api/routes/scan   r:/api/routes/scan
2024/12/19 08:40:53.513  [D] [router.go:1306]  |            ::1|[42m 200 [0m|    38.7779ms|   match|[46m POST    [0m /api/routes/scan   r:/api/routes/scan
2024/12/19 08:41:19.025  [D] [router.go:1306]  |            ::1|[42m 200 [0m|   208.7074ms|   match|[46m POST    [0m /api/routes/scan   r:/api/routes/scan
2024/12/19 08:41:29.787  [I] [server.go:280]  http server Running on http://:8082
2024/12/19 08:43:05.771  [I] [server.go:280]  http server Running on http://:8082
2024/12/19 08:43:07.774  [I] [server.go:280]  http server Running on http://:8082
2024/12/19 08:43:10.853  [I] [api_route_service.go:66]  Added new route: POST /auth/login
2024/12/19 08:43:10.857  [I] [api_route_service.go:66]  Added new route: POST /api/routes/scan
2024/12/19 08:43:10.860  [I] [api_route_service.go:66]  Added new route: GET /api/routes/list
2024/12/19 08:43:10.864  [I] [api_route_service.go:66]  Added new route: POST /user
2024/12/19 08:43:10.868  [I] [api_route_service.go:66]  Added new route: POST /auth/logout
2024/12/19 08:43:10.872  [I] [api_route_service.go:66]  Added new route: GET /user/:id
2024/12/19 08:43:10.876  [I] [api_route_service.go:66]  Added new route: PUT /user/:id
2024/12/19 08:43:10.882  [I] [api_route_service.go:66]  Added new route: DELETE /user/:id
2024/12/19 08:43:10.888  [I] [api_route_service.go:66]  Added new route: GET /users
2024/12/19 08:43:10.893  [I] [api_route_service.go:66]  Added new route: GET /user/:id/visits
2024/12/19 08:43:10.899  [I] [api_route_service.go:66]  Added new route: POST /api/item-units
2024/12/19 08:43:10.903  [I] [api_route_service.go:66]  Added new route: GET /api/item-units/:id
2024/12/19 08:43:10.907  [I] [api_route_service.go:66]  Added new route: GET /api/item-units
2024/12/19 08:43:10.912  [I] [api_route_service.go:66]  Added new route: PUT /api/item-units/:id
2024/12/19 08:43:10.919  [I] [api_route_service.go:66]  Added new route: DELETE /api/item-units/:id
2024/12/19 08:43:10.922  [I] [api_route_service.go:66]  Added new route: GET /api/item-units/serial/:serialNumber
2024/12/19 08:43:10.929  [I] [api_route_service.go:66]  Added new route: GET /api/item-units/warehouse/:warehouseId
2024/12/19 08:43:10.934  [I] [api_route_service.go:66]  Added new route: POST /api/item
2024/12/19 08:43:10.937  [I] [api_route_service.go:66]  Added new route: GET /api/items
2024/12/19 08:43:10.942  [I] [api_route_service.go:66]  Added new route: GET /api/items/dashboard
2024/12/19 08:43:10.948  [I] [api_route_service.go:66]  Added new route: GET /api/item/:id/image
2024/12/19 08:43:10.952  [I] [api_route_service.go:66]  Added new route: GET /api/categories
2024/12/19 08:43:10.955  [I] [api_route_service.go:66]  Added new route: GET /api/categories/:id
2024/12/19 08:43:10.961  [I] [api_route_service.go:66]  Added new route: POST /api/categories
2024/12/19 08:43:10.967  [I] [api_route_service.go:66]  Added new route: PUT /api/categories/:id
2024/12/19 08:43:10.970  [I] [api_route_service.go:66]  Added new route: DELETE /api/categories/:id
2024/12/19 08:43:10.974  [I] [api_route_service.go:66]  Added new route: POST /api/employees
2024/12/19 08:43:10.977  [I] [api_route_service.go:66]  Added new route: GET /api/employees/:id
2024/12/19 08:43:10.982  [I] [api_route_service.go:66]  Added new route: GET /api/employees
2024/12/19 08:43:10.985  [I] [api_route_service.go:66]  Added new route: PUT /api/employees/:id
2024/12/19 08:43:10.988  [I] [api_route_service.go:66]  Added new route: DELETE /api/employees/:id
2024/12/19 08:43:10.991  [I] [api_route_service.go:66]  Added new route: POST /api/lendings
2024/12/19 08:43:10.995  [I] [api_route_service.go:66]  Added new route: GET /api/lendings/:id
2024/12/19 08:43:10.999  [I] [api_route_service.go:66]  Added new route: GET /api/lendings
2024/12/19 08:43:11.001  [I] [api_route_service.go:66]  Added new route: PUT /api/lendings/:id
2024/12/19 08:43:11.005  [I] [api_route_service.go:66]  Added new route: DELETE /api/lendings/:id
2024/12/19 08:43:11.008  [I] [api_route_service.go:66]  Added new route: GET /api/lendings/report/items
2024/12/19 08:43:11.011  [I] [api_route_service.go:66]  Added new route: GET /api/lendings/report/units
2024/12/19 08:43:11.014  [I] [api_route_service.go:66]  Added new route: PUT /api/lendings/return/:id
2024/12/19 08:43:11.017  [I] [api_route_service.go:66]  Added new route: GET /api/lending/:id/loan-image
2024/12/19 08:43:11.019  [I] [api_route_service.go:66]  Added new route: GET /api/lending/:id/return-image
2024/12/19 08:43:11.023  [I] [api_route_service.go:66]  Added new route: GET /api/lendings/active
2024/12/19 08:43:11.025  [I] [api_route_service.go:66]  Added new route: GET /api/lendings/returned
2024/12/19 08:43:11.027  [I] [api_route_service.go:66]  Added new route: GET /api/unit-logs/unit/:unitId
2024/12/19 08:43:11.031  [I] [api_route_service.go:66]  Added new route: GET /api/repair-logs/unit/:unitId
2024/12/19 08:43:11.037  [I] [api_route_service.go:66]  Added new route: POST /api/repair-logs/finish
2024/12/19 08:43:11.040  [I] [api_route_service.go:66]  Added new route: GET /api/docs/template/download
2024/12/19 08:43:11.043  [I] [api_route_service.go:66]  Added new route: POST /api/docs/upload
2024/12/19 08:43:11.046  [I] [api_route_service.go:66]  Added new route: POST /api/warehouse
2024/12/19 08:43:11.051  [I] [api_route_service.go:66]  Added new route: GET /api/warehouse/:id
2024/12/19 08:43:11.056  [I] [api_route_service.go:66]  Added new route: PUT /api/warehouse/:id
2024/12/19 08:43:11.058  [I] [api_route_service.go:66]  Added new route: DELETE /api/warehouse/:id
2024/12/19 08:43:11.060  [I] [api_route_service.go:66]  Added new route: GET /api/warehouses
2024/12/19 08:43:11.065  [I] [api_route_service.go:66]  Added new route: GET /api/warehouse/:id/users
2024/12/19 08:43:11.067  [I] [api_route_service.go:66]  Added new route: GET /api/status/:id
2024/12/19 08:43:11.070  [I] [api_route_service.go:66]  Added new route: GET /api/statuses
2024/12/19 08:43:11.074  [I] [api_route_service.go:66]  Added new route: GET /api/condition/:id
2024/12/19 08:43:11.076  [I] [api_route_service.go:66]  Added new route: GET /api/conditions
2024/12/19 08:43:11.079  [I] [api_route_service.go:66]  Added new route: GET /api/checking
2024/12/19 08:43:11.081  [D] [router.go:1306]  |            ::1|[42m 200 [0m|   234.6784ms|   match|[46m POST    [0m /api/routes/scan   r:/api/routes/scan
2024/12/19 08:43:42.801  [I] [api_route_service.go:79]  Deleted removed route: GET /api/checking
2024/12/19 08:43:42.803  [D] [router.go:1306]  |            ::1|[42m 200 [0m|    62.0486ms|   match|[46m POST    [0m /api/routes/scan   r:/api/routes/scan
2024/12/19 08:43:51.604  [I] [server.go:280]  http server Running on http://:8082
2024/12/19 08:48:29.222  [I] [server.go:280]  http server Running on http://:8082
2024/12/19 08:48:32.876  [I] [server.go:280]  http server Running on http://:8082
2024/12/19 08:48:46.833  [I] [api_route_service.go:93]  Deleted removed route: GET /api/categories
2024/12/19 08:48:46.834  [I] [api_route_service.go:93]  Deleted removed route: POST /api/categories
2024/12/19 08:48:46.836  [I] [api_route_service.go:93]  Deleted removed route: DELETE /api/categories/:id
2024/12/19 08:48:46.837  [I] [api_route_service.go:93]  Deleted removed route: GET /api/categories/:id
2024/12/19 08:48:46.839  [I] [api_route_service.go:93]  Deleted removed route: PUT /api/categories/:id
2024/12/19 08:48:46.841  [I] [api_route_service.go:93]  Deleted removed route: GET /api/checking
2024/12/19 08:48:46.843  [I] [api_route_service.go:93]  Deleted removed route: GET /api/condition/:id
2024/12/19 08:48:46.845  [I] [api_route_service.go:93]  Deleted removed route: GET /api/conditions
2024/12/19 08:48:46.848  [I] [api_route_service.go:93]  Deleted removed route: GET /api/docs/template/download
2024/12/19 08:48:46.850  [I] [api_route_service.go:93]  Deleted removed route: POST /api/docs/upload
2024/12/19 08:48:46.851  [I] [api_route_service.go:93]  Deleted removed route: GET /api/employees
2024/12/19 08:48:46.852  [I] [api_route_service.go:93]  Deleted removed route: POST /api/employees
2024/12/19 08:48:46.854  [I] [api_route_service.go:93]  Deleted removed route: DELETE /api/employees/:id
2024/12/19 08:48:46.856  [I] [api_route_service.go:93]  Deleted removed route: GET /api/employees/:id
2024/12/19 08:48:46.857  [I] [api_route_service.go:93]  Deleted removed route: PUT /api/employees/:id
2024/12/19 08:48:46.858  [I] [api_route_service.go:93]  Deleted removed route: POST /api/item
2024/12/19 08:48:46.860  [I] [api_route_service.go:93]  Deleted removed route: GET /api/item-units
2024/12/19 08:48:46.861  [I] [api_route_service.go:93]  Deleted removed route: POST /api/item-units
2024/12/19 08:48:46.863  [I] [api_route_service.go:93]  Deleted removed route: DELETE /api/item-units/:id
2024/12/19 08:48:46.865  [I] [api_route_service.go:93]  Deleted removed route: GET /api/item-units/:id
2024/12/19 08:48:46.867  [I] [api_route_service.go:93]  Deleted removed route: PUT /api/item-units/:id
2024/12/19 08:48:46.868  [I] [api_route_service.go:93]  Deleted removed route: GET /api/item-units/serial/:serialNumber
2024/12/19 08:48:46.870  [I] [api_route_service.go:93]  Deleted removed route: GET /api/item-units/warehouse/:warehouseId
2024/12/19 08:48:46.872  [I] [api_route_service.go:93]  Deleted removed route: GET /api/item/:id/image
2024/12/19 08:48:46.873  [I] [api_route_service.go:93]  Deleted removed route: GET /api/items
2024/12/19 08:48:46.875  [I] [api_route_service.go:93]  Deleted removed route: GET /api/items/dashboard
2024/12/19 08:48:46.876  [I] [api_route_service.go:93]  Deleted removed route: GET /api/lending/:id/loan-image
2024/12/19 08:48:46.878  [I] [api_route_service.go:93]  Deleted removed route: GET /api/lending/:id/return-image
2024/12/19 08:48:46.879  [I] [api_route_service.go:93]  Deleted removed route: GET /api/lendings
2024/12/19 08:48:46.883  [I] [api_route_service.go:93]  Deleted removed route: POST /api/lendings
2024/12/19 08:48:46.885  [I] [api_route_service.go:93]  Deleted removed route: DELETE /api/lendings/:id
2024/12/19 08:48:46.886  [I] [api_route_service.go:93]  Deleted removed route: GET /api/lendings/:id
2024/12/19 08:48:46.889  [I] [api_route_service.go:93]  Deleted removed route: PUT /api/lendings/:id
2024/12/19 08:48:46.891  [I] [api_route_service.go:93]  Deleted removed route: GET /api/lendings/active
2024/12/19 08:48:46.892  [I] [api_route_service.go:93]  Deleted removed route: GET /api/lendings/report/items
2024/12/19 08:48:46.893  [I] [api_route_service.go:93]  Deleted removed route: GET /api/lendings/report/units
2024/12/19 08:48:46.895  [I] [api_route_service.go:93]  Deleted removed route: PUT /api/lendings/return/:id
2024/12/19 08:48:46.897  [I] [api_route_service.go:93]  Deleted removed route: GET /api/lendings/returned
2024/12/19 08:48:46.898  [I] [api_route_service.go:93]  Deleted removed route: POST /api/repair-logs/finish
2024/12/19 08:48:46.899  [I] [api_route_service.go:93]  Deleted removed route: GET /api/repair-logs/unit/:unitId
2024/12/19 08:48:46.900  [I] [api_route_service.go:93]  Deleted removed route: GET /api/routes/list
2024/12/19 08:48:46.903  [I] [api_route_service.go:93]  Deleted removed route: POST /api/routes/scan
2024/12/19 08:48:46.904  [I] [api_route_service.go:93]  Deleted removed route: GET /api/status/:id
2024/12/19 08:48:46.906  [I] [api_route_service.go:93]  Deleted removed route: GET /api/statuses
2024/12/19 08:48:46.907  [I] [api_route_service.go:93]  Deleted removed route: GET /api/unit-logs/unit/:unitId
2024/12/19 08:48:46.908  [I] [api_route_service.go:93]  Deleted removed route: POST /api/warehouse
2024/12/19 08:48:46.910  [I] [api_route_service.go:93]  Deleted removed route: DELETE /api/warehouse/:id
2024/12/19 08:48:46.911  [I] [api_route_service.go:93]  Deleted removed route: GET /api/warehouse/:id
2024/12/19 08:48:46.914  [I] [api_route_service.go:93]  Deleted removed route: PUT /api/warehouse/:id
2024/12/19 08:48:46.915  [I] [api_route_service.go:93]  Deleted removed route: GET /api/warehouse/:id/users
2024/12/19 08:48:46.916  [I] [api_route_service.go:93]  Deleted removed route: GET /api/warehouses
2024/12/19 08:48:46.917  [I] [api_route_service.go:93]  Deleted removed route: POST /auth/login
2024/12/19 08:48:46.918  [I] [api_route_service.go:93]  Deleted removed route: POST /auth/logout
2024/12/19 08:48:46.919  [I] [api_route_service.go:93]  Deleted removed route: POST /user
2024/12/19 08:48:46.920  [I] [api_route_service.go:93]  Deleted removed route: DELETE /user/:id
2024/12/19 08:48:46.921  [I] [api_route_service.go:93]  Deleted removed route: GET /user/:id
2024/12/19 08:48:46.923  [I] [api_route_service.go:93]  Deleted removed route: PUT /user/:id
2024/12/19 08:48:46.924  [I] [api_route_service.go:93]  Deleted removed route: GET /user/:id/visits
2024/12/19 08:48:46.924  [I] [api_route_service.go:93]  Deleted removed route: GET /users
2024/12/19 08:48:46.926  [D] [router.go:1306]  |            ::1|[42m 200 [0m|   130.7876ms|   match|[46m POST    [0m /api/routes/scan   r:/api/routes/scan
2024/12/19 08:49:21.547  [I] [api_route_service.go:93]  Deleted removed route: GET /api/categories
2024/12/19 08:49:21.549  [I] [api_route_service.go:93]  Deleted removed route: POST /api/categories
2024/12/19 08:49:21.551  [I] [api_route_service.go:93]  Deleted removed route: DELETE /api/categories/:id
2024/12/19 08:49:21.552  [I] [api_route_service.go:93]  Deleted removed route: GET /api/categories/:id
2024/12/19 08:49:21.553  [I] [api_route_service.go:93]  Deleted removed route: PUT /api/categories/:id
2024/12/19 08:49:21.555  [I] [api_route_service.go:93]  Deleted removed route: GET /api/checking
2024/12/19 08:49:21.557  [I] [api_route_service.go:93]  Deleted removed route: GET /api/condition/:id
2024/12/19 08:49:21.558  [I] [api_route_service.go:93]  Deleted removed route: GET /api/conditions
2024/12/19 08:49:21.560  [I] [api_route_service.go:93]  Deleted removed route: GET /api/docs/template/download
2024/12/19 08:49:21.561  [I] [api_route_service.go:93]  Deleted removed route: POST /api/docs/upload
2024/12/19 08:49:21.564  [I] [api_route_service.go:93]  Deleted removed route: GET /api/employees
2024/12/19 08:49:21.566  [I] [api_route_service.go:93]  Deleted removed route: POST /api/employees
2024/12/19 08:49:21.567  [I] [api_route_service.go:93]  Deleted removed route: DELETE /api/employees/:id
2024/12/19 08:49:21.568  [I] [api_route_service.go:93]  Deleted removed route: GET /api/employees/:id
2024/12/19 08:49:21.569  [I] [api_route_service.go:93]  Deleted removed route: PUT /api/employees/:id
2024/12/19 08:49:21.571  [I] [api_route_service.go:93]  Deleted removed route: POST /api/item
2024/12/19 08:49:21.574  [I] [api_route_service.go:93]  Deleted removed route: GET /api/item-units
2024/12/19 08:49:21.576  [I] [api_route_service.go:93]  Deleted removed route: POST /api/item-units
2024/12/19 08:49:21.577  [I] [api_route_service.go:93]  Deleted removed route: DELETE /api/item-units/:id
2024/12/19 08:49:21.581  [I] [api_route_service.go:93]  Deleted removed route: GET /api/item-units/:id
2024/12/19 08:49:21.586  [I] [api_route_service.go:93]  Deleted removed route: PUT /api/item-units/:id
2024/12/19 08:49:21.587  [I] [api_route_service.go:93]  Deleted removed route: GET /api/item-units/serial/:serialNumber
2024/12/19 08:49:21.589  [I] [api_route_service.go:93]  Deleted removed route: GET /api/item-units/warehouse/:warehouseId
2024/12/19 08:49:21.590  [I] [api_route_service.go:93]  Deleted removed route: GET /api/item/:id/image
2024/12/19 08:49:21.592  [I] [api_route_service.go:93]  Deleted removed route: GET /api/items
2024/12/19 08:49:21.593  [I] [api_route_service.go:93]  Deleted removed route: GET /api/items/dashboard
2024/12/19 08:49:21.595  [I] [api_route_service.go:93]  Deleted removed route: GET /api/lending/:id/loan-image
2024/12/19 08:49:21.598  [I] [api_route_service.go:93]  Deleted removed route: GET /api/lending/:id/return-image
2024/12/19 08:49:21.599  [I] [api_route_service.go:93]  Deleted removed route: GET /api/lendings
2024/12/19 08:49:21.601  [I] [api_route_service.go:93]  Deleted removed route: POST /api/lendings
2024/12/19 08:49:21.602  [I] [api_route_service.go:93]  Deleted removed route: DELETE /api/lendings/:id
2024/12/19 08:49:21.605  [I] [api_route_service.go:93]  Deleted removed route: GET /api/lendings/:id
2024/12/19 08:49:21.607  [I] [api_route_service.go:93]  Deleted removed route: PUT /api/lendings/:id
2024/12/19 08:49:21.609  [I] [api_route_service.go:93]  Deleted removed route: GET /api/lendings/active
2024/12/19 08:49:21.610  [I] [api_route_service.go:93]  Deleted removed route: GET /api/lendings/report/items
2024/12/19 08:49:21.612  [I] [api_route_service.go:93]  Deleted removed route: GET /api/lendings/report/units
2024/12/19 08:49:21.614  [I] [api_route_service.go:93]  Deleted removed route: PUT /api/lendings/return/:id
2024/12/19 08:49:21.617  [I] [api_route_service.go:93]  Deleted removed route: GET /api/lendings/returned
2024/12/19 08:49:21.618  [I] [api_route_service.go:93]  Deleted removed route: POST /api/repair-logs/finish
2024/12/19 08:49:21.619  [I] [api_route_service.go:93]  Deleted removed route: GET /api/repair-logs/unit/:unitId
2024/12/19 08:49:21.620  [I] [api_route_service.go:93]  Deleted removed route: GET /api/routes/list
2024/12/19 08:49:21.622  [I] [api_route_service.go:93]  Deleted removed route: POST /api/routes/scan
2024/12/19 08:49:21.623  [I] [api_route_service.go:93]  Deleted removed route: GET /api/status/:id
2024/12/19 08:49:21.624  [I] [api_route_service.go:93]  Deleted removed route: GET /api/statuses
2024/12/19 08:49:21.626  [I] [api_route_service.go:93]  Deleted removed route: GET /api/unit-logs/unit/:unitId
2024/12/19 08:49:21.629  [I] [api_route_service.go:93]  Deleted removed route: POST /api/warehouse
2024/12/19 08:49:21.631  [I] [api_route_service.go:93]  Deleted removed route: DELETE /api/warehouse/:id
2024/12/19 08:49:21.635  [I] [api_route_service.go:93]  Deleted removed route: GET /api/warehouse/:id
2024/12/19 08:49:21.637  [I] [api_route_service.go:93]  Deleted removed route: PUT /api/warehouse/:id
2024/12/19 08:49:21.639  [I] [api_route_service.go:93]  Deleted removed route: GET /api/warehouse/:id/users
2024/12/19 08:49:21.641  [I] [api_route_service.go:93]  Deleted removed route: GET /api/warehouses
2024/12/19 08:49:21.643  [I] [api_route_service.go:93]  Deleted removed route: POST /auth/login
2024/12/19 08:49:21.646  [I] [api_route_service.go:93]  Deleted removed route: POST /auth/logout
2024/12/19 08:49:21.648  [I] [api_route_service.go:93]  Deleted removed route: POST /user
2024/12/19 08:49:21.651  [I] [api_route_service.go:93]  Deleted removed route: DELETE /user/:id
2024/12/19 08:49:21.654  [I] [api_route_service.go:93]  Deleted removed route: GET /user/:id
2024/12/19 08:49:21.656  [I] [api_route_service.go:93]  Deleted removed route: PUT /user/:id
2024/12/19 08:49:21.658  [I] [api_route_service.go:93]  Deleted removed route: GET /user/:id/visits
2024/12/19 08:49:21.660  [I] [api_route_service.go:93]  Deleted removed route: GET /users
2024/12/19 08:49:21.664  [D] [router.go:1306]  |            ::1|[42m 200 [0m|   143.3973ms|   match|[46m POST    [0m /api/routes/scan   r:/api/routes/scan
2024/12/19 08:56:20.905  [I] [server.go:280]  http server Running on http://:8082
2024/12/19 08:56:25.205  [I] [api_route_service.go:74]  Added new route: POST /api/routes/clean
2024/12/19 08:56:25.249  [I] [api_route_service.go:98]  Deleted removed route: GET /api/categories
2024/12/19 08:56:25.251  [I] [api_route_service.go:98]  Deleted removed route: POST /api/categories
2024/12/19 08:56:25.252  [I] [api_route_service.go:98]  Deleted removed route: DELETE /api/categories/:id
2024/12/19 08:56:25.254  [I] [api_route_service.go:98]  Deleted removed route: GET /api/categories/:id
2024/12/19 08:56:25.257  [I] [api_route_service.go:98]  Deleted removed route: PUT /api/categories/:id
2024/12/19 08:56:25.258  [I] [api_route_service.go:98]  Deleted removed route: GET /api/checking
2024/12/19 08:56:25.260  [I] [api_route_service.go:98]  Deleted removed route: GET /api/condition/:id
2024/12/19 08:56:25.262  [I] [api_route_service.go:98]  Deleted removed route: GET /api/conditions
2024/12/19 08:56:25.265  [I] [api_route_service.go:98]  Deleted removed route: GET /api/docs/template/download
2024/12/19 08:56:25.267  [I] [api_route_service.go:98]  Deleted removed route: POST /api/docs/upload
2024/12/19 08:56:25.268  [I] [api_route_service.go:98]  Deleted removed route: GET /api/employees
2024/12/19 08:56:25.270  [I] [api_route_service.go:98]  Deleted removed route: POST /api/employees
2024/12/19 08:56:25.273  [I] [api_route_service.go:98]  Deleted removed route: DELETE /api/employees/:id
2024/12/19 08:56:25.275  [I] [api_route_service.go:98]  Deleted removed route: GET /api/employees/:id
2024/12/19 08:56:25.276  [I] [api_route_service.go:98]  Deleted removed route: PUT /api/employees/:id
2024/12/19 08:56:25.277  [I] [api_route_service.go:98]  Deleted removed route: POST /api/item
2024/12/19 08:56:25.279  [I] [api_route_service.go:98]  Deleted removed route: GET /api/item-units
2024/12/19 08:56:25.281  [I] [api_route_service.go:98]  Deleted removed route: POST /api/item-units
2024/12/19 08:56:25.283  [I] [api_route_service.go:98]  Deleted removed route: DELETE /api/item-units/:id
2024/12/19 08:56:25.285  [I] [api_route_service.go:98]  Deleted removed route: GET /api/item-units/:id
2024/12/19 08:56:25.287  [I] [api_route_service.go:98]  Deleted removed route: PUT /api/item-units/:id
2024/12/19 08:56:25.289  [I] [api_route_service.go:98]  Deleted removed route: GET /api/item-units/serial/:serialNumber
2024/12/19 08:56:25.290  [I] [api_route_service.go:98]  Deleted removed route: GET /api/item-units/warehouse/:warehouseId
2024/12/19 08:56:25.291  [I] [api_route_service.go:98]  Deleted removed route: GET /api/item/:id/image
2024/12/19 08:56:25.292  [I] [api_route_service.go:98]  Deleted removed route: GET /api/items
2024/12/19 08:56:25.293  [I] [api_route_service.go:98]  Deleted removed route: GET /api/items/dashboard
2024/12/19 08:56:25.294  [I] [api_route_service.go:98]  Deleted removed route: GET /api/lending/:id/loan-image
2024/12/19 08:56:25.297  [I] [api_route_service.go:98]  Deleted removed route: GET /api/lending/:id/return-image
2024/12/19 08:56:25.299  [I] [api_route_service.go:98]  Deleted removed route: GET /api/lendings
2024/12/19 08:56:25.299  [I] [api_route_service.go:98]  Deleted removed route: POST /api/lendings
2024/12/19 08:56:25.301  [I] [api_route_service.go:98]  Deleted removed route: DELETE /api/lendings/:id
2024/12/19 08:56:25.303  [I] [api_route_service.go:98]  Deleted removed route: GET /api/lendings/:id
2024/12/19 08:56:25.304  [I] [api_route_service.go:98]  Deleted removed route: PUT /api/lendings/:id
2024/12/19 08:56:25.307  [I] [api_route_service.go:98]  Deleted removed route: GET /api/lendings/active
2024/12/19 08:56:25.309  [I] [api_route_service.go:98]  Deleted removed route: GET /api/lendings/report/items
2024/12/19 08:56:25.309  [I] [api_route_service.go:98]  Deleted removed route: GET /api/lendings/report/units
2024/12/19 08:56:25.311  [I] [api_route_service.go:98]  Deleted removed route: PUT /api/lendings/return/:id
2024/12/19 08:56:25.313  [I] [api_route_service.go:98]  Deleted removed route: GET /api/lendings/returned
2024/12/19 08:56:25.316  [I] [api_route_service.go:98]  Deleted removed route: POST /api/repair-logs/finish
2024/12/19 08:56:25.318  [I] [api_route_service.go:98]  Deleted removed route: GET /api/repair-logs/unit/:unitId
2024/12/19 08:56:25.320  [I] [api_route_service.go:98]  Deleted removed route: GET /api/routes/list
2024/12/19 08:56:25.321  [I] [api_route_service.go:98]  Deleted removed route: POST /api/routes/scan
2024/12/19 08:56:25.322  [I] [api_route_service.go:98]  Deleted removed route: GET /api/status/:id
2024/12/19 08:56:25.323  [I] [api_route_service.go:98]  Deleted removed route: GET /api/statuses
2024/12/19 08:56:25.324  [I] [api_route_service.go:98]  Deleted removed route: GET /api/unit-logs/unit/:unitId
2024/12/19 08:56:25.325  [I] [api_route_service.go:98]  Deleted removed route: POST /api/warehouse
2024/12/19 08:56:25.326  [I] [api_route_service.go:98]  Deleted removed route: DELETE /api/warehouse/:id
2024/12/19 08:56:25.329  [I] [api_route_service.go:98]  Deleted removed route: GET /api/warehouse/:id
2024/12/19 08:56:25.331  [I] [api_route_service.go:98]  Deleted removed route: PUT /api/warehouse/:id
2024/12/19 08:56:25.332  [I] [api_route_service.go:98]  Deleted removed route: GET /api/warehouse/:id/users
2024/12/19 08:56:25.334  [I] [api_route_service.go:98]  Deleted removed route: GET /api/warehouses
2024/12/19 08:56:25.336  [I] [api_route_service.go:98]  Deleted removed route: POST /auth/login
2024/12/19 08:56:25.336  [I] [api_route_service.go:98]  Deleted removed route: POST /auth/logout
2024/12/19 08:56:25.338  [I] [api_route_service.go:98]  Deleted removed route: POST /user
2024/12/19 08:56:25.339  [I] [api_route_service.go:98]  Deleted removed route: DELETE /user/:id
2024/12/19 08:56:25.340  [I] [api_route_service.go:98]  Deleted removed route: GET /user/:id
2024/12/19 08:56:25.341  [I] [api_route_service.go:98]  Deleted removed route: PUT /user/:id
2024/12/19 08:56:25.342  [I] [api_route_service.go:98]  Deleted removed route: GET /user/:id/visits
2024/12/19 08:56:25.343  [I] [api_route_service.go:98]  Deleted removed route: GET /users
2024/12/19 08:56:25.345  [D] [router.go:1306]  |            ::1|[42m 200 [0m|   148.2563ms|   match|[46m POST    [0m /api/routes/scan   r:/api/routes/scan
2024/12/19 08:58:04.328  [D] [router.go:1306]  |            ::1|[43m 404 [0m|     2.2216ms| nomatch|[44m GET     [0m /api/routes/clean
2024/12/19 08:58:16.300  [D] [router.go:1306]  |            ::1|[43m 404 [0m|     1.7694ms| nomatch|[44m GET     [0m /api/routes/clean
2024/12/19 08:58:29.468  [I] [api_route_service.go:169]  Deleted unused route: GET /api/checking
2024/12/19 08:58:29.469  [D] [router.go:1306]  |            ::1|[42m 200 [0m|      6.231ms|   match|[46m POST    [0m /api/routes/clean   r:/api/routes/clean
2024/12/19 08:58:42.745  [I] [api_route_service.go:169]  Deleted unused route: GET /api/checking
2024/12/19 08:58:42.747  [D] [router.go:1306]  |            ::1|[42m 200 [0m|     5.6251ms|   match|[46m POST    [0m /api/routes/clean   r:/api/routes/clean
2024/12/19 08:58:44.382  [I] [api_route_service.go:169]  Deleted unused route: GET /api/checking
2024/12/19 08:58:44.384  [D] [router.go:1306]  |            ::1|[42m 200 [0m|     5.6822ms|   match|[46m POST    [0m /api/routes/clean   r:/api/routes/clean
2024/12/19 09:06:01.120  [I] [server.go:280]  http server Running on http://:8082
2024/12/19 09:06:09.787  [I] [api_route_service.go:145]  Deleted unused route: POST /auth/login
2024/12/19 09:06:09.788  [I] [api_route_service.go:145]  Deleted unused route: POST /api/routes/scan
2024/12/19 09:06:09.791  [I] [api_route_service.go:145]  Deleted unused route: GET /api/routes/list
2024/12/19 09:06:09.798  [I] [api_route_service.go:145]  Deleted unused route: POST /user
2024/12/19 09:06:09.800  [I] [api_route_service.go:145]  Deleted unused route: POST /auth/logout
2024/12/19 09:06:09.802  [I] [api_route_service.go:145]  Deleted unused route: GET /user/:id
2024/12/19 09:06:09.804  [I] [api_route_service.go:145]  Deleted unused route: PUT /user/:id
2024/12/19 09:06:09.807  [I] [api_route_service.go:145]  Deleted unused route: DELETE /user/:id
2024/12/19 09:06:09.808  [I] [api_route_service.go:145]  Deleted unused route: GET /users
2024/12/19 09:06:09.810  [I] [api_route_service.go:145]  Deleted unused route: GET /user/:id/visits
2024/12/19 09:06:09.815  [I] [api_route_service.go:145]  Deleted unused route: POST /api/item-units
2024/12/19 09:06:09.816  [I] [api_route_service.go:145]  Deleted unused route: GET /api/item-units/:id
2024/12/19 09:06:09.818  [I] [api_route_service.go:145]  Deleted unused route: GET /api/item-units
2024/12/19 09:06:09.820  [I] [api_route_service.go:145]  Deleted unused route: PUT /api/item-units/:id
2024/12/19 09:06:09.823  [I] [api_route_service.go:145]  Deleted unused route: DELETE /api/item-units/:id
2024/12/19 09:06:09.826  [I] [api_route_service.go:145]  Deleted unused route: GET /api/item-units/serial/:serialNumber
2024/12/19 09:06:09.830  [I] [api_route_service.go:145]  Deleted unused route: GET /api/item-units/warehouse/:warehouseId
2024/12/19 09:06:09.833  [I] [api_route_service.go:145]  Deleted unused route: POST /api/item
2024/12/19 09:06:09.834  [I] [api_route_service.go:145]  Deleted unused route: GET /api/items
2024/12/19 09:06:09.835  [I] [api_route_service.go:145]  Deleted unused route: GET /api/items/dashboard
2024/12/19 09:06:09.837  [I] [api_route_service.go:145]  Deleted unused route: GET /api/item/:id/image
2024/12/19 09:06:09.839  [I] [api_route_service.go:145]  Deleted unused route: GET /api/categories
2024/12/19 09:06:09.840  [I] [api_route_service.go:145]  Deleted unused route: GET /api/categories/:id
2024/12/19 09:06:09.843  [I] [api_route_service.go:145]  Deleted unused route: POST /api/categories
2024/12/19 09:06:09.848  [I] [api_route_service.go:145]  Deleted unused route: PUT /api/categories/:id
2024/12/19 09:06:09.849  [I] [api_route_service.go:145]  Deleted unused route: DELETE /api/categories/:id
2024/12/19 09:06:09.851  [I] [api_route_service.go:145]  Deleted unused route: POST /api/employees
2024/12/19 09:06:09.852  [I] [api_route_service.go:145]  Deleted unused route: GET /api/employees/:id
2024/12/19 09:06:09.856  [I] [api_route_service.go:145]  Deleted unused route: GET /api/employees
2024/12/19 09:06:09.859  [I] [api_route_service.go:145]  Deleted unused route: PUT /api/employees/:id
2024/12/19 09:06:09.860  [I] [api_route_service.go:145]  Deleted unused route: DELETE /api/employees/:id
2024/12/19 09:06:09.862  [I] [api_route_service.go:145]  Deleted unused route: POST /api/lendings
2024/12/19 09:06:09.864  [I] [api_route_service.go:145]  Deleted unused route: GET /api/lendings/:id
2024/12/19 09:06:09.867  [I] [api_route_service.go:145]  Deleted unused route: GET /api/lendings
2024/12/19 09:06:09.868  [I] [api_route_service.go:145]  Deleted unused route: PUT /api/lendings/:id
2024/12/19 09:06:09.871  [I] [api_route_service.go:145]  Deleted unused route: DELETE /api/lendings/:id
2024/12/19 09:06:09.873  [I] [api_route_service.go:145]  Deleted unused route: GET /api/lendings/report/items
2024/12/19 09:06:09.874  [I] [api_route_service.go:145]  Deleted unused route: GET /api/lendings/report/units
2024/12/19 09:06:09.876  [I] [api_route_service.go:145]  Deleted unused route: PUT /api/lendings/return/:id
2024/12/19 09:06:09.877  [I] [api_route_service.go:145]  Deleted unused route: GET /api/lending/:id/loan-image
2024/12/19 09:06:09.881  [I] [api_route_service.go:145]  Deleted unused route: GET /api/lending/:id/return-image
2024/12/19 09:06:09.883  [I] [api_route_service.go:145]  Deleted unused route: GET /api/lendings/active
2024/12/19 09:06:09.886  [I] [api_route_service.go:145]  Deleted unused route: GET /api/lendings/returned
2024/12/19 09:06:09.888  [I] [api_route_service.go:145]  Deleted unused route: GET /api/unit-logs/unit/:unitId
2024/12/19 09:06:09.889  [I] [api_route_service.go:145]  Deleted unused route: GET /api/repair-logs/unit/:unitId
2024/12/19 09:06:09.891  [I] [api_route_service.go:145]  Deleted unused route: POST /api/repair-logs/finish
2024/12/19 09:06:09.893  [I] [api_route_service.go:145]  Deleted unused route: GET /api/docs/template/download
2024/12/19 09:06:09.895  [I] [api_route_service.go:145]  Deleted unused route: POST /api/docs/upload
2024/12/19 09:06:09.897  [I] [api_route_service.go:145]  Deleted unused route: POST /api/warehouse
2024/12/19 09:06:09.899  [I] [api_route_service.go:145]  Deleted unused route: GET /api/warehouse/:id
2024/12/19 09:06:09.901  [I] [api_route_service.go:145]  Deleted unused route: PUT /api/warehouse/:id
2024/12/19 09:06:09.902  [I] [api_route_service.go:145]  Deleted unused route: DELETE /api/warehouse/:id
2024/12/19 09:06:09.904  [I] [api_route_service.go:145]  Deleted unused route: GET /api/warehouses
2024/12/19 09:06:09.906  [I] [api_route_service.go:145]  Deleted unused route: GET /api/warehouse/:id/users
2024/12/19 09:06:09.907  [I] [api_route_service.go:145]  Deleted unused route: GET /api/status/:id
2024/12/19 09:06:09.910  [I] [api_route_service.go:145]  Deleted unused route: GET /api/statuses
2024/12/19 09:06:09.915  [I] [api_route_service.go:145]  Deleted unused route: GET /api/condition/:id
2024/12/19 09:06:09.918  [I] [api_route_service.go:145]  Deleted unused route: GET /api/conditions
2024/12/19 09:06:09.920  [I] [api_route_service.go:145]  Deleted unused route: GET /api/checking
2024/12/19 09:06:09.922  [I] [api_route_service.go:145]  Deleted unused route: POST /api/routes/clean
2024/12/19 09:06:09.923  [D] [router.go:1306]  |            ::1|[42m 200 [0m|   141.8462ms|   match|[46m POST    [0m /api/routes/clean   r:/api/routes/clean
2024/12/19 09:07:46.073  [I] [server.go:280]  http server Running on http://:8082
2024/12/19 09:07:50.668  [I] [server.go:280]  http server Running on http://:8082
2024/12/19 09:07:56.138  [I] [server.go:280]  http server Running on http://:8082
2024/12/19 09:07:57.621  [I] [server.go:280]  http server Running on http://:8082
2024/12/19 09:08:00.441  [I] [server.go:280]  http server Running on http://:8082
2024/12/19 09:08:04.228  [I] [server.go:280]  http server Running on http://:8082
2024/12/19 09:08:06.085  [I] [api_route_service.go:150]  Deleted unused route: GET /api/checking
2024/12/19 09:08:06.087  [D] [router.go:1306]  |            ::1|[42m 200 [0m|    24.0003ms|   match|[46m POST    [0m /api/routes/clean   r:/api/routes/clean
2024/12/19 09:11:12.268  [I] [server.go:280]  http server Running on http://:8082
2024/12/19 09:11:13.701  [I] [server.go:280]  http server Running on http://:8082
2024/12/19 09:11:14.980  [I] [api_route_service.go:146]  Deleted route: GET /api/checking
2024/12/19 09:11:14.982  [D] [router.go:1306]  |            ::1|[42m 200 [0m|    15.4772ms|   match|[46m POST    [0m /api/routes/clean   r:/api/routes/clean
2024/12/19 09:11:17.254  [I] [server.go:280]  http server Running on http://:8082
2024/12/19 09:11:21.790  [I] [server.go:280]  http server Running on http://:8082
2024/12/19 09:11:24.940  [I] [server.go:280]  http server Running on http://:8082
2024/12/19 09:11:28.410  [I] [server.go:280]  http server Running on http://:8082
2024/12/19 09:11:31.037  [I] [server.go:280]  http server Running on http://:8082
2024/12/19 09:11:34.362  [I] [server.go:280]  http server Running on http://:8082
2024/12/19 09:11:36.582  [I] [server.go:280]  http server Running on http://:8082
2024/12/19 09:11:39.881  [I] [server.go:280]  http server Running on http://:8082
2024/12/19 09:11:42.117  [I] [server.go:280]  http server Running on http://:8082
2024/12/19 09:11:45.847  [I] [server.go:280]  http server Running on http://:8082
2024/12/19 09:11:47.878  [I] [server.go:280]  http server Running on http://:8082
2024/12/19 09:11:51.261  [I] [server.go:280]  http server Running on http://:8082
2024/12/19 09:11:53.430  [I] [server.go:280]  http server Running on http://:8082
2024/12/19 09:11:56.165  [I] [server.go:280]  http server Running on http://:8082
2024/12/19 09:11:59.406  [I] [server.go:280]  http server Running on http://:8082
2024/12/19 09:12:01.604  [I] [server.go:280]  http server Running on http://:8082
2024/12/19 09:12:04.317  [I] [server.go:280]  http server Running on http://:8082
2024/12/19 09:12:07.761  [I] [server.go:280]  http server Running on http://:8082
2024/12/19 09:12:09.737  [I] [server.go:280]  http server Running on http://:8082
2024/12/19 09:12:13.869  [I] [server.go:280]  http server Running on http://:8082
2024/12/19 09:12:16.107  [I] [server.go:280]  http server Running on http://:8082
2024/12/19 09:12:19.366  [I] [server.go:280]  http server Running on http://:8082
2024/12/19 09:12:21.672  [I] [server.go:280]  http server Running on http://:8082
2024/12/19 09:12:25.146  [I] [server.go:280]  http server Running on http://:8082
2024/12/19 09:12:27.833  [I] [server.go:280]  http server Running on http://:8082
2024/12/19 09:12:31.677  [I] [server.go:280]  http server Running on http://:8082
2024/12/19 09:12:32.848  [I] [api_route_service.go:146]  Deleted route: GET /api/checking
2024/12/19 09:12:32.875  [D] [router.go:1306]  |            ::1|[42m 200 [0m|    85.8193ms|   match|[46m POST    [0m /api/routes/clean   r:/api/routes/clean
2024/12/19 09:12:34.729  [I] [server.go:280]  http server Running on http://:8082
2024/12/19 09:12:39.217  [I] [server.go:280]  http server Running on http://:8082
2024/12/19 09:12:41.890  [I] [server.go:280]  http server Running on http://:8082
2024/12/19 09:12:45.147  [I] [server.go:280]  http server Running on http://:8082
2024/12/19 09:12:47.322  [I] [server.go:280]  http server Running on http://:8082
2024/12/19 09:12:49.890  [I] [server.go:280]  http server Running on http://:8082
2024/12/19 09:12:53.878  [I] [server.go:280]  http server Running on http://:8082
2024/12/19 09:12:56.553  [I] [server.go:280]  http server Running on http://:8082
2024/12/19 09:13:00.027  [I] [server.go:280]  http server Running on http://:8082
2024/12/19 09:13:03.516  [I] [server.go:280]  http server Running on http://:8082
2024/12/19 09:13:07.372  [I] [server.go:280]  http server Running on http://:8082
2024/12/19 09:13:09.867  [I] [server.go:280]  http server Running on http://:8082
2024/12/19 09:13:14.955  [I] [server.go:280]  http server Running on http://:8082
2024/12/19 09:13:17.577  [I] [server.go:280]  http server Running on http://:8082
2024/12/19 09:13:21.073  [I] [server.go:280]  http server Running on http://:8082
2024/12/19 09:13:23.154  [I] [server.go:280]  http server Running on http://:8082
2024/12/19 09:13:26.952  [I] [server.go:280]  http server Running on http://:8082
2024/12/19 09:13:29.382  [I] [server.go:280]  http server Running on http://:8082
2024/12/19 09:13:32.969  [I] [server.go:280]  http server Running on http://:8082
2024/12/19 09:13:33.795  [I] [api_route_service.go:146]  Deleted route: GET /api/checking
2024/12/19 09:13:33.796  [D] [router.go:1306]  |            ::1|[42m 200 [0m|     9.5818ms|   match|[46m POST    [0m /api/routes/clean   r:/api/routes/clean
2024/12/19 09:15:49.226  [I] [server.go:280]  http server Running on http://:8082
2024/12/19 09:16:01.325  [I] [server.go:280]  http server Running on http://:8082
2024/12/19 09:16:03.176  [I] [server.go:280]  http server Running on http://:8082
2024/12/19 09:16:04.118  [I] [api_route_service.go:173]  Successfully deleted route with ID: 255
2024/12/19 09:16:04.124  [D] [router.go:1306]  |            ::1|[42m 200 [0m|    34.4259ms|   match|[41m DELETE  [0m /api/routes/255   r:/api/routes/:id
2024/12/19 09:16:08.264  [I] [server.go:280]  http server Running on http://:8082
2024/12/19 09:16:11.832  [I] [server.go:280]  http server Running on http://:8082
2024/12/19 09:16:15.151  [I] [server.go:280]  http server Running on http://:8082
2024/12/19 09:19:11.043  [I] [server.go:280]  http server Running on http://:8082
2024/12/19 09:19:17.222  [I] [server.go:280]  http server Running on http://:8082
2024/12/19 09:19:25.843  [I] [server.go:280]  http server Running on http://:8082
2024/12/19 09:19:28.758  [I] [server.go:280]  http server Running on http://:8082
2024/12/19 09:19:34.780  [I] [server.go:280]  http server Running on http://:8082
2024/12/19 09:19:44.608  [I] [server.go:280]  http server Running on http://:8082
2024/12/19 09:20:22.149  [I] [server.go:280]  http server Running on http://:8082
2024/12/19 09:20:23.704  [I] [server.go:280]  http server Running on http://:8082
2024/12/19 09:21:13.532  [I] [server.go:280]  http server Running on http://:8082
2024/12/19 09:21:15.388  [I] [server.go:280]  http server Running on http://:8082
2024/12/19 09:21:19.288  [I] [server.go:280]  http server Running on http://:8082
2024/12/19 09:21:44.695  [D] [router.go:1306]  |            ::1|[43m 404 [0m|     2.1096ms| nomatch|[44m GET     [0m /api/routes/255
2024/12/19 09:22:07.073  [I] [server.go:280]  http server Running on http://:8082
2024/12/19 09:22:28.450  [I] [server.go:280]  http server Running on http://:8082
2024/12/19 09:22:30.041  [I] [server.go:280]  http server Running on http://:8082
2024/12/19 09:22:33.355  [I] [server.go:280]  http server Running on http://:8082
2024/12/19 09:22:36.053  [D] [router.go:1306]  |            ::1|[42m 200 [0m|     6.3435ms|   match|[44m GET     [0m /api/routes/255   r:/api/routes/:id
2024/12/19 09:22:37.319  [I] [server.go:280]  http server Running on http://:8082
2024/12/19 09:22:39.926  [I] [server.go:280]  http server Running on http://:8082
2024/12/19 09:22:43.562  [I] [server.go:280]  http server Running on http://:8082
2024/12/19 09:22:45.662  [I] [server.go:280]  http server Running on http://:8082
2024/12/19 09:22:48.566  [D] [router.go:1306]  |            ::1|[42m 200 [0m|     2.8693ms|   match|[44m GET     [0m /api/routes/235   r:/api/routes/:id
2024/12/19 09:33:19.447  [I] [server.go:280]  http server Running on http://:8082
2024/12/19 09:33:20.875  [I] [server.go:280]  http server Running on http://:8082
2024/12/19 09:33:24.085  [I] [server.go:280]  http server Running on http://:8082
2024/12/19 09:35:40.727  [I] [server.go:280]  http server Running on http://:8082
2024/12/19 09:35:45.129  [I] [server.go:280]  http server Running on http://:8082
2024/12/19 09:35:58.279  [I] [server.go:280]  http server Running on http://:8082
2024/12/19 09:36:00.000  [I] [server.go:280]  http server Running on http://:8082
2024/12/19 09:36:02.920  [I] [server.go:280]  http server Running on http://:8082
2024/12/19 09:36:06.021  [I] [server.go:280]  http server Running on http://:8082
2024/12/19 09:37:51.889  [I] [server.go:280]  http server Running on http://:8082
2024/12/19 09:37:56.488  [I] [server.go:280]  http server Running on http://:8082
2024/12/19 09:38:01.650  [I] [server.go:280]  http server Running on http://:8082
2024/12/19 09:38:03.208  [I] [server.go:280]  http server Running on http://:8082
2024/12/19 09:38:05.748  [I] [server.go:280]  http server Running on http://:8082
2024/12/19 09:41:42.645  [D] [router.go:1306]  |            ::1|[42m 200 [0m|     2.9042ms|   match|[46m POST    [0m /api/roles   r:/api/roles
2024/12/19 09:41:58.561  [D] [router.go:1306]  |            ::1|[42m 200 [0m|     4.5731ms|   match|[46m POST    [0m /api/roles   r:/api/roles
2024/12/19 09:42:22.231  [D] [router.go:1306]  |            ::1|[42m 200 [0m|     4.3829ms|   match|[46m POST    [0m /api/roles   r:/api/roles
2024/12/19 09:43:03.518  [D] [router.go:1306]  |            ::1|[42m 200 [0m|     4.3173ms|   match|[46m POST    [0m /api/roles   r:/api/roles
2024/12/19 09:43:05.244  [D] [router.go:1306]  |            ::1|[42m 200 [0m|     2.8256ms|   match|[46m POST    [0m /api/roles   r:/api/roles
2024/12/19 09:46:11.565  [D] [router.go:1306]  |            ::1|[42m 200 [0m|     4.5938ms|   match|[46m POST    [0m /api/roles   r:/api/roles
2024/12/19 09:46:58.806  [I] [server.go:280]  http server Running on http://:8082
2024/12/19 09:47:00.179  [I] [server.go:280]  http server Running on http://:8082
2024/12/19 09:47:28.571  [D] [router.go:1306]  |            ::1|[42m 200 [0m|     6.0025ms|   match|[46m POST    [0m /api/roles   r:/api/roles
2024/12/19 09:48:38.764  [D] [router.go:1306]  |            ::1|[42m 200 [0m|     4.9306ms|   match|[46m POST    [0m /api/roles   r:/api/roles
2024/12/19 09:50:09.892  [D] [router.go:1306]  |            ::1|[42m 200 [0m|     3.9239ms|   match|[46m POST    [0m /api/roles   r:/api/roles
2024/12/19 09:50:55.147  [I] [server.go:280]  http server Running on http://:8082
2024/12/19 09:50:56.577  [I] [server.go:280]  http server Running on http://:8082
2024/12/19 09:51:32.316  [D] [router.go:1306]  |            ::1|[42m 200 [0m|     2.4213ms|   match|[46m POST    [0m /api/roles   r:/api/roles
2024/12/19 09:52:06.391  [D] [router.go:1306]  |            ::1|[42m 200 [0m|     3.5426ms|   match|[46m POST    [0m /api/roles   r:/api/roles
2024/12/19 09:52:10.536  [I] [server.go:280]  http server Running on http://:8082
2024/12/19 09:53:59.242  [D] [router.go:1306]  |            ::1|[42m 200 [0m|     5.7029ms|   match|[46m POST    [0m /api/roles   r:/api/roles
2024/12/19 09:54:33.413  [D] [router.go:1306]  |            ::1|[42m 200 [0m|     4.9774ms|   match|[43m PUT     [0m /api/roles/8   r:/api/roles/:id
2024/12/19 09:55:38.958  [D] [router.go:1306]  |            ::1|[42m 200 [0m|    26.4092ms|   match|[43m PUT     [0m /api/roles/8   r:/api/roles/:id
2024/12/19 09:55:47.581  [I] [server.go:280]  http server Running on http://:8082
2024/12/19 09:55:49.021  [I] [server.go:280]  http server Running on http://:8082
2024/12/19 09:56:43.144  [I] [server.go:280]  http server Running on http://:8082
2024/12/19 09:56:45.776  [D] [router.go:1306]  |            ::1|[42m 200 [0m|     7.3571ms|   match|[43m PUT     [0m /api/roles/8   r:/api/roles/:id
2024/12/19 09:56:47.081  [I] [server.go:280]  http server Running on http://:8082
2024/12/19 09:56:49.606  [D] [router.go:1306]  |            ::1|[42m 200 [0m|     6.0246ms|   match|[43m PUT     [0m /api/roles/8   r:/api/roles/:id
2024/12/19 09:56:51.586  [I] [server.go:280]  http server Running on http://:8082
2024/12/19 09:56:53.959  [I] [server.go:280]  http server Running on http://:8082
2024/12/19 09:57:05.157  [I] [server.go:280]  http server Running on http://:8082
2024/12/19 09:57:06.323  [D] [router.go:1306]  |            ::1|[42m 200 [0m|    16.9536ms|   match|[43m PUT     [0m /api/roles/8   r:/api/roles/:id
2024/12/19 09:57:07.790  [I] [server.go:280]  http server Running on http://:8082
2024/12/19 09:57:11.187  [I] [server.go:280]  http server Running on http://:8082
2024/12/19 09:58:01.264  [D] [router.go:1306]  |            ::1|[42m 200 [0m|     2.5581ms|   match|[44m GET     [0m /api/roles/8   r:/api/roles/:id
2024/12/19 09:58:28.789  [D] [router.go:1306]  |            ::1|[43m 401 [0m|           0s| nomatch|[44m GET     [0m /api/roles
2024/12/19 09:59:05.696  [D] [router.go:1306]  |            ::1|[42m 200 [0m|      3.172ms|   match|[44m GET     [0m /api/roles   r:/api/roles
2024/12/19 09:59:33.926  [D] [router.go:1306]  |            ::1|[42m 200 [0m|     4.4652ms|   match|[46m POST    [0m /api/roles   r:/api/roles
2024/12/19 09:59:46.626  [D] [router.go:1306]  |            ::1|[42m 200 [0m|     3.0164ms|   match|[41m DELETE  [0m /api/roles/9   r:/api/roles/:id
2024/12/19 09:59:56.965  [D] [router.go:1306]  |            ::1|[42m 200 [0m|     4.5105ms|   match|[46m POST    [0m /api/roles   r:/api/roles
2024/12/19 10:00:13.083  [D] [router.go:1306]  |            ::1|[42m 200 [0m|      1.708ms|   match|[41m DELETE  [0m /api/roles/9   r:/api/roles/:id
2024/12/19 10:00:28.250  [D] [router.go:1306]  |            ::1|[42m 200 [0m|     4.4653ms|   match|[41m DELETE  [0m /api/roles/10   r:/api/roles/:id
2024/12/19 10:02:29.988  [I] [server.go:280]  http server Running on http://:8082
2024/12/19 10:02:30.515  [D] [router.go:1306]  |            ::1|[42m 200 [0m|   165.6934ms|   match|[41m DELETE  [0m /api/roles/10   r:/api/roles/:id
2024/12/19 10:02:31.737  [I] [server.go:280]  http server Running on http://:8082
